# JRE version: OpenJDK Runtime Environment (8.0_312-b07) (build 1.8.0_312-b07)
# Java VM: OpenJDK 64-Bit Server VM (25.312-b07 mixed mode windows-amd64 compressed oops)
Heap:
 PSYoungGen      total 651264K, used 85985K [0x00000000d5580000, 0x0000000100000000, 0x0000000100000000)
  eden space 613888K, 8% used [0x00000000d5580000,0x00000000d88af410,0x00000000fad00000)
  from space 37376K, 89% used [0x00000000fd880000,0x00000000ff9490a0,0x00000000ffd00000)
  to   space 42496K, 0% used [0x00000000fad00000,0x00000000fad00000,0x00000000fd680000)
 ParOldGen       total 197120K, used 162268K [0x0000000080000000, 0x000000008c080000, 0x00000000d5580000)
  object space 197120K, 82% used [0x0000000080000000,0x0000000089e77038,0x000000008c080000)
 Metaspace       used 114988K, capacity 121174K, committed 121304K, reserved 1155072K
  class space    used 14906K, capacity 16057K, committed 16128K, reserved 1048576K
GC Heap History (10 events):
Event: 273.647 GC heap before
{Heap before GC invocations=44 (full 4):
 PSYoungGen      total 615936K, used 589334K [0x00000000d5580000, 0x00000000ffc80000, 0x0000000100000000)
  eden space 572416K, 100% used [0x00000000d5580000,0x00000000f8480000,0x00000000f8480000)
  from space 43520K, 38% used [0x00000000f8480000,0x00000000f9505a68,0x00000000faf00000)
  to   space 40960K, 0% used [0x00000000fd480000,0x00000000fd480000,0x00000000ffc80000)
 ParOldGen       total 197120K, used 131177K [0x0000000080000000, 0x000000008c080000, 0x00000000d5580000)
  object space 197120K, 66% used [0x0000000080000000,0x000000008801a6d8,0x000000008c080000)
 Metaspace       used 113946K, capacity 120054K, committed 120152K, reserved 1153024K
  class space    used 14819K, capacity 15981K, committed 16000K, reserved 1048576K
Event: 273.664 GC heap after
Heap after GC invocations=44 (full 4):
 PSYoungGen      total 654848K, used 6400K [0x00000000d5580000, 0x00000000ffc80000, 0x0000000100000000)
  eden space 613888K, 0% used [0x00000000d5580000,0x00000000d5580000,0x00000000fad00000)
  from space 40960K, 15% used [0x00000000fd480000,0x00000000fdac0020,0x00000000ffc80000)
  to   space 40448K, 0% used [0x00000000fad00000,0x00000000fad00000,0x00000000fd480000)
 ParOldGen       total 197120K, used 146549K [0x0000000080000000, 0x000000008c080000, 0x00000000d5580000)
  object space 197120K, 74% used [0x0000000080000000,0x0000000088f1d478,0x000000008c080000)
 Metaspace       used 113946K, capacity 120054K, committed 120152K, reserved 1153024K
  class space    used 14819K, capacity 15981K, committed 16000K, reserved 1048576K
}
Event: 274.445 GC heap before
{Heap before GC invocations=45 (full 4):
 PSYoungGen      total 654848K, used 620288K [0x00000000d5580000, 0x00000000ffc80000, 0x0000000100000000)
  eden space 613888K, 100% used [0x00000000d5580000,0x00000000fad00000,0x00000000fad00000)
  from space 40960K, 15% used [0x00000000fd480000,0x00000000fdac0020,0x00000000ffc80000)
  to   space 40448K, 0% used [0x00000000fad00000,0x00000000fad00000,0x00000000fd480000)
 ParOldGen       total 197120K, used 146549K [0x0000000080000000, 0x000000008c080000, 0x00000000d5580000)
  object space 197120K, 74% used [0x0000000080000000,0x0000000088f1d478,0x000000008c080000)
 Metaspace       used 114075K, capacity 120194K, committed 120408K, reserved 1153024K
  class space    used 14819K, capacity 15981K, committed 16000K, reserved 1048576K
Event: 274.461 GC heap after
Heap after GC invocations=45 (full 4):
 PSYoungGen      total 654336K, used 6272K [0x00000000d5580000, 0x00000000ffe80000, 0x0000000100000000)
  eden space 613888K, 0% used [0x00000000d5580000,0x00000000d5580000,0x00000000fad00000)
  from space 40448K, 15% used [0x00000000fad00000,0x00000000fb320000,0x00000000fd480000)
  to   space 39936K, 0% used [0x00000000fd780000,0x00000000fd780000,0x00000000ffe80000)
 ParOldGen       total 197120K, used 151306K [0x0000000080000000, 0x000000008c080000, 0x00000000d5580000)
  object space 197120K, 76% used [0x0000000080000000,0x00000000893c2810,0x000000008c080000)
 Metaspace       used 114075K, capacity 120194K, committed 120408K, reserved 1153024K
  class space    used 14819K, capacity 15981K, committed 16000K, reserved 1048576K
}
Event: 275.773 GC heap before
{Heap before GC invocations=46 (full 4):
 PSYoungGen      total 654336K, used 620160K [0x00000000d5580000, 0x00000000ffe80000, 0x0000000100000000)
  eden space 613888K, 100% used [0x00000000d5580000,0x00000000fad00000,0x00000000fad00000)
  from space 40448K, 15% used [0x00000000fad00000,0x00000000fb320000,0x00000000fd480000)
  to   space 39936K, 0% used [0x00000000fd780000,0x00000000fd780000,0x00000000ffe80000)
 ParOldGen       total 197120K, used 151306K [0x0000000080000000, 0x000000008c080000, 0x00000000d5580000)
  object space 197120K, 76% used [0x0000000080000000,0x00000000893c2810,0x000000008c080000)
 Metaspace       used 114101K, capacity 120194K, committed 120408K, reserved 1153024K
  class space    used 14819K, capacity 15981K, committed 16000K, reserved 1048576K
Event: 275.790 GC heap after
Heap after GC invocations=46 (full 4):
 PSYoungGen      total 657408K, used 6109K [0x00000000d5580000, 0x00000000ffd80000, 0x0000000100000000)
  eden space 618496K, 0% used [0x00000000d5580000,0x00000000d5580000,0x00000000fb180000)
  from space 38912K, 15% used [0x00000000fd780000,0x00000000fdd776c0,0x00000000ffd80000)
  to   space 38912K, 0% used [0x00000000fb180000,0x00000000fb180000,0x00000000fd780000)
 ParOldGen       total 197120K, used 156459K [0x0000000080000000, 0x000000008c080000, 0x00000000d5580000)
  object space 197120K, 79% used [0x0000000080000000,0x00000000898cac28,0x000000008c080000)
 Metaspace       used 114101K, capacity 120194K, committed 120408K, reserved 1153024K
  class space    used 14819K, capacity 15981K, committed 16000K, reserved 1048576K
}
Event: 277.260 GC heap before
{Heap before GC invocations=47 (full 4):
 PSYoungGen      total 657408K, used 624605K [0x00000000d5580000, 0x00000000ffd80000, 0x0000000100000000)
  eden space 618496K, 100% used [0x00000000d5580000,0x00000000fb180000,0x00000000fb180000)
  from space 38912K, 15% used [0x00000000fd780000,0x00000000fdd776c0,0x00000000ffd80000)
  to   space 38912K, 0% used [0x00000000fb180000,0x00000000fb180000,0x00000000fd780000)
 ParOldGen       total 197120K, used 156459K [0x0000000080000000, 0x000000008c080000, 0x00000000d5580000)
  object space 197120K, 79% used [0x0000000080000000,0x00000000898cac28,0x000000008c080000)
 Metaspace       used 114165K, capacity 120300K, committed 120408K, reserved 1153024K
  class space    used 14820K, capacity 15984K, committed 16000K, reserved 1048576K
Event: 277.273 GC heap after
Heap after GC invocations=47 (full 4):
 PSYoungGen      total 657408K, used 8117K [0x00000000d5580000, 0x00000000ffd00000, 0x0000000100000000)
  eden space 618496K, 0% used [0x00000000d5580000,0x00000000d5580000,0x00000000fb180000)
  from space 38912K, 20% used [0x00000000fb180000,0x00000000fb96d5b0,0x00000000fd780000)
  to   space 37376K, 0% used [0x00000000fd880000,0x00000000fd880000,0x00000000ffd00000)
 ParOldGen       total 197120K, used 160284K [0x0000000080000000, 0x000000008c080000, 0x00000000d5580000)
  object space 197120K, 81% used [0x0000000080000000,0x0000000089c87340,0x000000008c080000)
 Metaspace       used 114165K, capacity 120300K, committed 120408K, reserved 1153024K
  class space    used 14820K, capacity 15984K, committed 16000K, reserved 1048576K
}
Event: 282.079 GC heap before
{Heap before GC invocations=48 (full 4):
 PSYoungGen      total 657408K, used 626613K [0x00000000d5580000, 0x00000000ffd00000, 0x0000000100000000)
  eden space 618496K, 100% used [0x00000000d5580000,0x00000000fb180000,0x00000000fb180000)
  from space 38912K, 20% used [0x00000000fb180000,0x00000000fb96d5b0,0x00000000fd780000)
  to   space 37376K, 0% used [0x00000000fd880000,0x00000000fd880000,0x00000000ffd00000)
 ParOldGen       total 197120K, used 160284K [0x0000000080000000, 0x000000008c080000, 0x00000000d5580000)
  object space 197120K, 81% used [0x0000000080000000,0x0000000089c87340,0x000000008c080000)
 Metaspace       used 114891K, capacity 121086K, committed 121304K, reserved 1155072K
  class space    used 14906K, capacity 16057K, committed 16128K, reserved 1048576K
Event: 282.109 GC heap after
Heap after GC invocations=48 (full 4):
 PSYoungGen      total 651264K, used 33572K [0x00000000d5580000, 0x0000000100000000, 0x0000000100000000)
  eden space 613888K, 0% used [0x00000000d5580000,0x00000000d5580000,0x00000000fad00000)
  from space 37376K, 89% used [0x00000000fd880000,0x00000000ff9490a0,0x00000000ffd00000)
  to   space 42496K, 0% used [0x00000000fad00000,0x00000000fad00000,0x00000000fd680000)
 ParOldGen       total 197120K, used 162268K [0x0000000080000000, 0x000000008c080000, 0x00000000d5580000)
  object space 197120K, 82% used [0x0000000080000000,0x0000000089e77038,0x000000008c080000)
 Metaspace       used 114891K, capacity 121086K, committed 121304K, reserved 1155072K
  class space    used 14906K, capacity 16057K, committed 16128K, reserved 1048576K
}

